2023-11-08T18:36:01.683+01:00  INFO 33984 --- [main] c.backbase.movieapi.MovieapiApplication  : Starting MovieapiApplication v0.0.1-SNAPSHOT using Java 20.0.1 with PID 33984 (C:\Assignment\myGitHubRepo\movieapi\movieapi-0.0.1-SNAPSHOT.jar started by amardeepg in C:\Assignment\myGitHubRepo\movieapi)
2023-11-08T18:36:01.692+01:00  INFO 33984 --- [main] c.backbase.movieapi.MovieapiApplication  : No active profile set, falling back to 1 default profile: "default"
2023-11-08T18:36:04.734+01:00  INFO 33984 --- [main] .s.d.r.c.RepositoryConfigurationDelegate : Bootstrapping Spring Data JPA repositories in DEFAULT mode.
2023-11-08T18:36:05.105+01:00  INFO 33984 --- [main] .s.d.r.c.RepositoryConfigurationDelegate : Finished Spring Data repository scanning in 318 ms. Found 4 JPA repository interfaces.
2023-11-08T18:36:07.516+01:00  INFO 33984 --- [main] o.s.b.w.embedded.tomcat.TomcatWebServer  : Tomcat initialized with port(s): 8080 (http)
2023-11-08T18:36:07.543+01:00  INFO 33984 --- [main] o.apache.catalina.core.StandardService   : Starting service [Tomcat]
2023-11-08T18:36:07.544+01:00  INFO 33984 --- [main] o.apache.catalina.core.StandardEngine    : Starting Servlet engine: [Apache Tomcat/10.1.11]
2023-11-08T18:36:08.905+01:00  INFO 33984 --- [main] org.apache.jasper.servlet.TldScanner     : At least one JAR was scanned for TLDs yet contained no TLDs. Enable debug logging for this logger for a complete list of JARs that were scanned but no TLDs were found in them. Skipping unneeded JARs during scanning can improve startup time and JSP compilation time.
2023-11-08T18:36:09.563+01:00  INFO 33984 --- [main] o.a.c.c.C.[Tomcat].[localhost].[/]       : Initializing Spring embedded WebApplicationContext
2023-11-08T18:36:09.564+01:00  INFO 33984 --- [main] w.s.c.ServletWebServerApplicationContext : Root WebApplicationContext: initialization completed in 7702 ms
2023-11-08T18:36:09.739+01:00  INFO 33984 --- [main] com.zaxxer.hikari.HikariDataSource       : HikariPool-1 - Starting...
2023-11-08T18:36:10.529+01:00  INFO 33984 --- [main] com.zaxxer.hikari.pool.HikariPool        : HikariPool-1 - Added connection conn0: url=jdbc:h2:file:./././h2/data user=SA
2023-11-08T18:36:10.535+01:00  INFO 33984 --- [main] com.zaxxer.hikari.HikariDataSource       : HikariPool-1 - Start completed.
2023-11-08T18:36:10.577+01:00  INFO 33984 --- [main] o.s.b.a.h2.H2ConsoleAutoConfiguration    : H2 console available at '/h2-console'. Database available at 'jdbc:h2:file:./././h2/data'
2023-11-08T18:36:10.966+01:00  INFO 33984 --- [main] o.hibernate.jpa.internal.util.LogHelper  : HHH000204: Processing PersistenceUnitInfo [name: default]
2023-11-08T18:36:11.312+01:00  INFO 33984 --- [main] org.hibernate.Version                    : HHH000412: Hibernate ORM core version 6.2.6.Final
2023-11-08T18:36:11.324+01:00  INFO 33984 --- [main] org.hibernate.cfg.Environment            : HHH000406: Using bytecode reflection optimizer
2023-11-08T18:36:11.801+01:00  INFO 33984 --- [main] o.h.b.i.BytecodeProviderInitiator        : HHH000021: Bytecode provider name : bytebuddy
2023-11-08T18:36:12.549+01:00  INFO 33984 --- [main] o.s.o.j.p.SpringPersistenceUnitInfo      : No LoadTimeWeaver setup: ignoring JPA class transformer
2023-11-08T18:36:13.530+01:00  WARN 33984 --- [main] o.h.b.i.InFlightMetadataCollectorImpl    : HHH000069: Duplicate generator name seq
2023-11-08T18:36:13.584+01:00  WARN 33984 --- [main] o.h.b.i.InFlightMetadataCollectorImpl    : HHH000069: Duplicate generator name seq
2023-11-08T18:36:13.860+01:00  INFO 33984 --- [main] o.h.b.i.BytecodeProviderInitiator        : HHH000021: Bytecode provider name : bytebuddy
2023-11-08T18:36:16.325+01:00  INFO 33984 --- [main] o.h.e.t.j.p.i.JtaPlatformInitiator       : HHH000490: Using JtaPlatform implementation: [org.hibernate.engine.transaction.jta.platform.internal.NoJtaPlatform]
2023-11-08T18:36:16.540+01:00  INFO 33984 --- [main] j.LocalContainerEntityManagerFactoryBean : Initialized JPA EntityManagerFactory for persistence unit 'default'
2023-11-08T18:36:17.740+01:00  INFO 33984 --- [main] o.s.d.j.r.query.QueryEnhancerFactory     : Hibernate is in classpath; If applicable, HQL parser will be used.
2023-11-08T18:36:26.610+01:00  WARN 33984 --- [main] JpaBaseConfiguration$JpaWebConfiguration : spring.jpa.open-in-view is enabled by default. Therefore, database queries may be performed during view rendering. Explicitly configure spring.jpa.open-in-view to disable this warning
2023-11-08T18:36:27.457+01:00  INFO 33984 --- [main] o.s.s.web.DefaultSecurityFilterChain     : Will secure any request with [org.springframework.security.web.session.DisableEncodeUrlFilter@6bb37247, org.springframework.security.web.context.request.async.WebAsyncManagerIntegrationFilter@4b3dea9a, org.springframework.security.web.context.SecurityContextHolderFilter@3eafe537, org.springframework.security.web.authentication.logout.LogoutFilter@37edefb2, com.backbase.movieapi.config.JwtAuthenticationFilter@176555c, org.springframework.security.web.savedrequest.RequestCacheAwareFilter@7595dfad, org.springframework.security.web.servletapi.SecurityContextHolderAwareRequestFilter@6f75d11b, org.springframework.security.web.authentication.AnonymousAuthenticationFilter@3c6ed296, org.springframework.security.web.session.SessionManagementFilter@69e7241, org.springframework.security.web.access.ExceptionTranslationFilter@32a4284d, org.springframework.security.web.access.intercept.AuthorizationFilter@11f63b10]
2023-11-08T18:36:27.466+01:00  WARN 33984 --- [main] o.s.s.c.a.web.builders.WebSecurity       : You are asking Spring Security to ignore Ant [pattern='/h2-console/**']. This is not recommended -- please use permitAll via HttpSecurity#authorizeHttpRequests instead.
2023-11-08T18:36:27.468+01:00  INFO 33984 --- [main] o.s.s.web.DefaultSecurityFilterChain     : Will not secure Ant [pattern='/h2-console/**']
2023-11-08T18:36:27.470+01:00  WARN 33984 --- [main] o.s.s.c.a.web.builders.WebSecurity       : You are asking Spring Security to ignore Ant [pattern='/api-docs/**']. This is not recommended -- please use permitAll via HttpSecurity#authorizeHttpRequests instead.
2023-11-08T18:36:27.471+01:00  INFO 33984 --- [main] o.s.s.web.DefaultSecurityFilterChain     : Will not secure Ant [pattern='/api-docs/**']
2023-11-08T18:36:27.471+01:00  WARN 33984 --- [main] o.s.s.c.a.web.builders.WebSecurity       : You are asking Spring Security to ignore Ant [pattern='/error']. This is not recommended -- please use permitAll via HttpSecurity#authorizeHttpRequests instead.
2023-11-08T18:36:27.473+01:00  INFO 33984 --- [main] o.s.s.web.DefaultSecurityFilterChain     : Will not secure Ant [pattern='/error']
2023-11-08T18:36:27.474+01:00  WARN 33984 --- [main] o.s.s.c.a.web.builders.WebSecurity       : You are asking Spring Security to ignore Ant [pattern='/v3/api-docs/**', GET]. This is not recommended -- please use permitAll via HttpSecurity#authorizeHttpRequests instead.
2023-11-08T18:36:27.476+01:00  INFO 33984 --- [main] o.s.s.web.DefaultSecurityFilterChain     : Will not secure Ant [pattern='/v3/api-docs/**', GET]
2023-11-08T18:36:27.477+01:00  WARN 33984 --- [main] o.s.s.c.a.web.builders.WebSecurity       : You are asking Spring Security to ignore Ant [pattern='/swagger-ui/**', GET]. This is not recommended -- please use permitAll via HttpSecurity#authorizeHttpRequests instead.
2023-11-08T18:36:27.481+01:00  INFO 33984 --- [main] o.s.s.web.DefaultSecurityFilterChain     : Will not secure Ant [pattern='/swagger-ui/**', GET]
2023-11-08T18:36:27.485+01:00  WARN 33984 --- [main] o.s.s.c.a.web.builders.WebSecurity       : You are asking Spring Security to ignore Ant [pattern='/v2/api-docs/**', GET]. This is not recommended -- please use permitAll via HttpSecurity#authorizeHttpRequests instead.
2023-11-08T18:36:27.486+01:00  INFO 33984 --- [main] o.s.s.web.DefaultSecurityFilterChain     : Will not secure Ant [pattern='/v2/api-docs/**', GET]
2023-11-08T18:36:27.488+01:00  WARN 33984 --- [main] o.s.s.c.a.web.builders.WebSecurity       : You are asking Spring Security to ignore Ant [pattern='/swagger-ui.html', GET]. This is not recommended -- please use permitAll via HttpSecurity#authorizeHttpRequests instead.
2023-11-08T18:36:27.489+01:00  INFO 33984 --- [main] o.s.s.web.DefaultSecurityFilterChain     : Will not secure Ant [pattern='/swagger-ui.html', GET]
2023-11-08T18:36:28.378+01:00  INFO 33984 --- [main] o.s.b.w.embedded.tomcat.TomcatWebServer  : Tomcat started on port(s): 8080 (http) with context path ''
2023-11-08T18:36:28.490+01:00  INFO 33984 --- [main] c.backbase.movieapi.MovieapiApplication  : Started MovieapiApplication in 28.604 seconds (process running for 30.414)
2023-11-08T18:36:39.138+01:00  INFO 33984 --- [http-nio-8080-exec-2] o.a.c.c.C.[Tomcat].[localhost].[/]       : Initializing Spring DispatcherServlet 'dispatcherServlet'
2023-11-08T18:36:39.139+01:00  INFO 33984 --- [http-nio-8080-exec-2] o.s.web.servlet.DispatcherServlet        : Initializing Servlet 'dispatcherServlet'
2023-11-08T18:36:39.141+01:00  INFO 33984 --- [http-nio-8080-exec-2] o.s.web.servlet.DispatcherServlet        : Completed initialization in 1 ms
